\BOOKMARK [0][-]{chapter.1}{ Einleitung}{}% 1
\BOOKMARK [1][-]{section.1.1}{ BigPicture}{chapter.1}% 2
\BOOKMARK [1][-]{section.1.2}{ Evaluation und Kaufempfehlung}{chapter.1}% 3
\BOOKMARK [0][-]{chapter.2}{ Analyse}{}% 4
\BOOKMARK [1][-]{section.2.1}{ Requirements}{chapter.2}% 5
\BOOKMARK [2][-]{subsection.2.1.1}{Funktionale Anforderungen}{section.2.1}% 6
\BOOKMARK [2][-]{subsection.2.1.2}{Nicht funktionale Anforderungen}{section.2.1}% 7
\BOOKMARK [1][-]{section.2.2}{ Struktur der Applikation}{chapter.2}% 8
\BOOKMARK [1][-]{section.2.3}{ Technologien}{chapter.2}% 9
\BOOKMARK [2][-]{subsection.2.3.1}{Android}{section.2.3}% 10
\BOOKMARK [2][-]{subsection.2.3.2}{Externe Libraries}{section.2.3}% 11
\BOOKMARK [2][-]{subsection.2.3.3}{Entwicklungsumgebung}{section.2.3}% 12
\BOOKMARK [2][-]{subsection.2.3.4}{Android Version}{section.2.3}% 13
\BOOKMARK [1][-]{section.2.4}{ Mitbewerberanalyse}{chapter.2}% 14
\BOOKMARK [0][-]{chapter.3}{ Architektur}{}% 15
\BOOKMARK [1][-]{section.3.1}{ Klassendiagramm}{chapter.3}% 16
\BOOKMARK [1][-]{section.3.2}{ Sequenzdiagramm}{chapter.3}% 17
\BOOKMARK [0][-]{chapter.4}{ Realisierung}{}% 18
\BOOKMARK [0][-]{chapter.5}{ Testing}{}% 19
\BOOKMARK [0][-]{chapter.6}{ Ergebnisse und Schlussfolgerungen}{}% 20
\BOOKMARK [0][-]{chapter.7}{ Verzeichnisse und Referenzen}{}% 21
\BOOKMARK [1][-]{section.7.1}{ Literaturverzeichnis}{chapter.7}% 22
\BOOKMARK [1][-]{section.7.2}{ Tabellenverzeichnis}{chapter.7}% 23
\BOOKMARK [1][-]{section.7.3}{ Abbildungsverzeichnis}{chapter.7}% 24
\BOOKMARK [0][-]{section*.8}{Glossar}{}% 25
\BOOKMARK [-1][-]{part.1}{I Anhang}{}% 26
\BOOKMARK [0][-]{section.7.4}{ BigPicture}{part.1}% 27
\BOOKMARK [1][-]{section.7.5}{ Projektmanagement}{section.7.4}% 28
\BOOKMARK [1][-]{section.7.6}{ Software Dokumente}{section.7.4}% 29
\BOOKMARK [1][-]{section.7.7}{ Kriterienkatalog}{section.7.4}% 30
\BOOKMARK [1][-]{section.7.8}{ Kaufempfehlung}{section.7.4}% 31
\BOOKMARK [1][-]{section.7.9}{ UseCases der bisherigen Applikation}{section.7.4}% 32
